shodan - - [13/Nov/2019:13:57:08 -0500] "GET /MAMP/ HTTP/1.1" 200 4494
shodan - - [13/Nov/2019:13:57:09 -0500] "GET /MAMP/css/style.css HTTP/1.1" 200 4953
shodan - - [13/Nov/2019:13:57:09 -0500] "GET /MAMP/js/bootstrap.min.js HTTP/1.1" 200 27748
shodan - - [13/Nov/2019:13:57:09 -0500] "GET /MAMP/css/bootstrap.css HTTP/1.1" 200 126432
shodan - - [13/Nov/2019:13:57:09 -0500] "GET /MAMP/css/screen.css HTTP/1.1" 200 1430
shodan - - [13/Nov/2019:13:57:09 -0500] "GET /MAMP/feed/images/923.png HTTP/1.1" 200 3046
shodan - - [13/Nov/2019:13:57:09 -0500] "GET /MAMP/feed/images/627.png HTTP/1.1" 200 6932
shodan - - [13/Nov/2019:13:57:09 -0500] "GET /MAMP/images/mampLogoCarouselLeft.png HTTP/1.1" 200 6761
shodan - - [13/Nov/2019:13:57:09 -0500] "GET /MAMP/images/checkmarkCarouselRight.png HTTP/1.1" 200 6566
shodan - - [13/Nov/2019:13:57:09 -0500] "GET /MAMP/images/appsolute-logo.png HTTP/1.1" 200 5654
shodan - - [13/Nov/2019:13:57:09 -0500] "GET /MAMP/images/background/green.png HTTP/1.1" 200 998
shodan - - [13/Nov/2019:13:57:09 -0500] "GET /MAMP/images/4logos.png HTTP/1.1" 200 21602
shodan - - [13/Nov/2019:13:57:09 -0500] "GET /MAMP/fonts/Ubuntu.woff HTTP/1.1" 200 111616
shodan - - [13/Nov/2019:13:57:09 -0500] "GET /MAMP/js/jquery-1.10.2.min.js HTTP/1.1" 200 93107
shodan - - [13/Nov/2019:13:57:10 -0500] "GET /docs-assets/ico/favicon.png HTTP/1.1" 404 225
shodan - - [13/Nov/2019:13:57:12 -0500] "GET /MAMP/feed/needsUpdate.txt HTTP/1.1" 200 1
shodan - - [13/Nov/2019:13:57:16 -0500] "GET /MAMP/feed/images/637.png HTTP/1.1" 200 1049
shodan - - [13/Nov/2019:13:57:21 -0500] "GET / HTTP/1.1" 200 868
shodan - - [13/Nov/2019:13:57:21 -0500] "GET /MAMP-PRO-Logo.png HTTP/1.1" 200 5793
shodan - - [13/Nov/2019:13:57:21 -0500] "GET /favicon.ico HTTP/1.1" 404 209
127.0.0.1 - - [13/Nov/2019:13:58:04 -0500] "GET / HTTP/1.1" 200 868
127.0.0.1 - - [13/Nov/2019:13:58:32 -0500] "GET /index.php HTTP/1.1" 200 868
127.0.0.1 - - [13/Nov/2019:14:00:15 -0500] "GET /Test/index.php HTTP/1.1" 200 171
