[Fri Oct 11 14:16:48 2019] [warn] Init: Session Cache is not configured [hint: SSLSessionCache]
[Fri Oct 11 14:16:49 2019] [warn] pid file D:/User/Applications/MAMP/bin/apache/logs/httpd.pid overwritten -- Unclean shutdown of previous Apache run?
[Fri Oct 11 14:16:49 2019] [notice] Digest: generating secret for digest authentication ...
[Fri Oct 11 14:16:49 2019] [notice] Digest: done
[Fri Oct 11 14:16:50 2019] [notice] Apache/2.2.31 (Win32) DAV/2 mod_ssl/2.2.31 OpenSSL/1.0.2h mod_fcgid/2.3.9 mod_wsgi/3.4 Python/2.7.6 PHP/7.3.7 mod_perl/2.0.8 Perl/v5.16.3 configured -- resuming normal operations
[Fri Oct 11 14:16:50 2019] [notice] Server built: May  6 2016 10:19:53
[Fri Oct 11 14:16:50 2019] [notice] Parent: Created child process 4356
[Fri Oct 11 14:16:50 2019] [warn] Init: Session Cache is not configured [hint: SSLSessionCache]
[Fri Oct 11 14:16:51 2019] [notice] Digest: generating secret for digest authentication ...
[Fri Oct 11 14:16:51 2019] [notice] Digest: done
[Fri Oct 11 14:16:52 2019] [notice] Child 4356: Child process is running
[Fri Oct 11 14:16:52 2019] [notice] Child 4356: Acquired the start mutex.
[Fri Oct 11 14:16:52 2019] [notice] Child 4356: Starting 64 worker threads.
[Fri Oct 11 14:16:52 2019] [notice] Child 4356: Starting thread to listen on port 80.
[Fri Oct 11 14:26:19 2019] [warn] Init: Session Cache is not configured [hint: SSLSessionCache]
[Fri Oct 11 14:26:20 2019] [warn] pid file D:/User/Applications/MAMP/bin/apache/logs/httpd.pid overwritten -- Unclean shutdown of previous Apache run?
[Fri Oct 11 14:26:20 2019] [notice] Digest: generating secret for digest authentication ...
[Fri Oct 11 14:26:20 2019] [notice] Digest: done
[Fri Oct 11 14:26:21 2019] [notice] Apache/2.2.31 (Win32) DAV/2 mod_ssl/2.2.31 OpenSSL/1.0.2h mod_fcgid/2.3.9 mod_wsgi/3.4 Python/2.7.6 PHP/7.3.7 mod_perl/2.0.8 Perl/v5.16.3 configured -- resuming normal operations
[Fri Oct 11 14:26:21 2019] [notice] Server built: May  6 2016 10:19:53
[Fri Oct 11 14:26:21 2019] [notice] Parent: Created child process 11444
[Fri Oct 11 14:26:21 2019] [warn] Init: Session Cache is not configured [hint: SSLSessionCache]
[Fri Oct 11 14:26:22 2019] [notice] Digest: generating secret for digest authentication ...
[Fri Oct 11 14:26:22 2019] [notice] Digest: done
[Fri Oct 11 14:26:23 2019] [notice] Child 11444: Child process is running
[Fri Oct 11 14:26:23 2019] [notice] Child 11444: Acquired the start mutex.
[Fri Oct 11 14:26:23 2019] [notice] Child 11444: Starting 64 worker threads.
[Fri Oct 11 14:26:23 2019] [notice] Child 11444: Starting thread to listen on port 80.
[Fri Oct 11 14:26:42 2019] [error] [client 127.0.0.1] File does not exist: D:/User/Applications/MAMP/htdocs/docs-assets
[Fri Oct 11 14:36:58 2019] [error] [client 127.0.0.1] File does not exist: D:/User/Applications/MAMP/htdocs/wordpress
[Fri Oct 11 14:36:58 2019] [error] [client 127.0.0.1] File does not exist: D:/User/Applications/MAMP/htdocs/favicon.ico
[Fri Oct 11 15:01:06 2019] [error] [client 127.0.0.1] File does not exist: D:/User/Applications/MAMP/htdocs/favicon.ico
[Sat Oct 19 12:33:12 2019] [warn] Init: Session Cache is not configured [hint: SSLSessionCache]
[Sat Oct 19 12:33:13 2019] [warn] pid file D:/User/Applications/MAMP/bin/apache/logs/httpd.pid overwritten -- Unclean shutdown of previous Apache run?
[Sat Oct 19 12:33:13 2019] [notice] Digest: generating secret for digest authentication ...
[Sat Oct 19 12:33:13 2019] [notice] Digest: done
[Sat Oct 19 12:33:15 2019] [notice] Apache/2.2.31 (Win32) DAV/2 mod_ssl/2.2.31 OpenSSL/1.0.2h mod_fcgid/2.3.9 mod_wsgi/3.4 Python/2.7.6 PHP/7.3.7 mod_perl/2.0.8 Perl/v5.16.3 configured -- resuming normal operations
[Sat Oct 19 12:33:15 2019] [notice] Server built: May  6 2016 10:19:53
[Sat Oct 19 12:33:15 2019] [notice] Parent: Created child process 6620
[Sat Oct 19 12:33:15 2019] [warn] Init: Session Cache is not configured [hint: SSLSessionCache]
[Sat Oct 19 12:33:16 2019] [notice] Digest: generating secret for digest authentication ...
[Sat Oct 19 12:33:16 2019] [notice] Digest: done
[Sat Oct 19 12:33:17 2019] [notice] Child 6620: Child process is running
[Sat Oct 19 12:33:17 2019] [notice] Child 6620: Acquired the start mutex.
[Sat Oct 19 12:33:17 2019] [notice] Child 6620: Starting 64 worker threads.
[Sat Oct 19 12:33:17 2019] [notice] Child 6620: Starting thread to listen on port 80.
