10/11/2019 14:16:46	<I>: 	ProcessName: MAMP

10/11/2019 14:16:46	<I>: 	Only one instance of MAMP is running.

10/11/2019 14:16:46	<I>: 	Create current user MAMP free folder.

10/11/2019 14:16:46	<I>: 	Create current user MAMP Cloud folder.

10/11/2019 14:16:46	<I>: 	Create current user php execute scripts folder.

10/11/2019 14:16:46	<I>: 	Checking MAMP PRO.

10/11/2019 14:16:46	<I>: 	Done reading app setting.

10/11/2019 14:16:46	<I>: 	Opening MAMP control panel.

10/11/2019 14:16:46	<I>: 	Starting MAMP

10/11/2019 14:16:46	<I>: 	MAMP Build version: 4.1.1.18915

10/11/2019 14:16:46	<I>: 	MAMP x86 release binaries.

10/11/2019 14:16:46	<I>: 	

10/11/2019 14:16:46	<I>: 	Operation System:  Microsoft Windows NT 6.2.9200.0

10/11/2019 14:16:46	<I>: 	ProcessorCount:  8

10/11/2019 14:16:46	<I>: 	64Bit OS:  Yes

10/11/2019 14:16:46	<I>: 	Region:  United Kingdom

10/11/2019 14:16:46	<I>: 	Region DisplayName:  United Kingdom

10/11/2019 14:16:46	<I>: 	TwoLetterISORegionName:  GB

10/11/2019 14:16:46	<I>: 	ThreeLetterISORegionName:  GBR

10/11/2019 14:16:46	<I>: 	System Page Size:  4096

10/11/2019 14:16:46	<I>: 	SystemDirectory:  C:\WINDOWS\system32

10/11/2019 14:16:46	<I>: 	UserDomainName:  SHODAN

10/11/2019 14:16:46	<I>: 	UserName: Zeplin108

10/11/2019 14:16:46	<I>: 		 Drive: C:\

10/11/2019 14:16:46	<I>: 			 VolumeLabel: Windows

10/11/2019 14:16:46	<I>: 			 DriveType: Fixed

10/11/2019 14:16:46	<I>: 			 DriveFormat: NTFS

10/11/2019 14:16:46	<I>: 			 TotalSize: 126641762304

10/11/2019 14:16:46	<I>: 			 AvailableFreeSpace: 12579942400

10/11/2019 14:16:46	<I>: 		 Drive: D:\

10/11/2019 14:16:46	<I>: 			 VolumeLabel: Data

10/11/2019 14:16:46	<I>: 			 DriveType: Fixed

10/11/2019 14:16:46	<I>: 			 DriveFormat: NTFS

10/11/2019 14:16:46	<I>: 			 TotalSize: 981992468480

10/11/2019 14:16:46	<I>: 			 AvailableFreeSpace: 222765686784

10/11/2019 14:16:46	<I>: 	

10/11/2019 14:16:46	<I>: 	Checking configuration files variables.

10/11/2019 14:16:46	<I>: 	Base MAMP path is: D:\User\Applications\MAMP\

10/11/2019 14:16:46	<I>: 	For php version there is missing php.ini configuration. Now system needs to reconfigure itself.

10/11/2019 14:16:46	<I>: 	Server root is: 'C:\MAMP\bin\apache'

10/11/2019 14:16:46	<I>: 	Reconfiguring paths as serverroot is: C:\MAMP\bin\apache

10/11/2019 14:16:46	<I>: 	System state changed. MAMP needs to reconfigure.

10/11/2019 14:16:47	<<I>>: 	Set php version to current php max version:php7.3.7

10/11/2019 14:16:47	<I>: 	Initilizing UI Settings from conf files.

10/11/2019 14:16:47	<I>: 	Apache port for MAMP:80

10/11/2019 14:16:47	<I>: 	MySQL port for MAMP:3306

10/11/2019 14:16:47	<I>: 	Nginx port for MAMP from configuration file:80

10/11/2019 14:16:47	<I>: 	Initialize cloud option active.

10/11/2019 14:16:47	<I>: 	Initialize cloud database.

10/11/2019 14:16:47	<I>: 	Initialize cloud IsCloudEncrypted.

10/11/2019 14:16:47	<I>: 	Initialize cloud enc key.

10/11/2019 14:16:47	<I>: 	Initialize cloud IsCloudKeyOnDesktop.

10/11/2019 14:16:47	<I>: 	Initialize MyWebLink.

10/11/2019 14:16:47	<I>: 	Initialize CloudFileRev.

10/11/2019 14:16:47	<I>: 	webServer port is: 80

10/11/2019 14:16:47	<I>: 	Doc root:D:\User\Applications\MAMP\htdocs

10/11/2019 14:16:47	<I>: 	Apache port:80

10/11/2019 14:16:47	<I>: 	Mysql port is:3306

10/11/2019 14:16:47	<I>: 	Finished Initilizing UI Settings.

10/11/2019 14:16:47	<I>: 	MySQL bin version: 5.7.24.0

10/11/2019 14:16:47	<I>: 	Checking file access rights:SHODAN\Zeplin108

10/11/2019 14:16:47	<I>: 	MAMP detected that it needs to set file access rights for at least one file.

10/11/2019 14:16:47	<I>: 	Setting access rights:D:\User\Applications\MAMP\logs

10/11/2019 14:16:47	<E>: 	Could not set access rights on folder: D:\User\Applications\MAMP\logs

10/11/2019 14:16:47	<I>: 	Checking ports.

10/11/2019 14:16:47	<I>: 	Start when MAMP start check.

10/11/2019 14:16:47	<I>: 	Set data to data context.

10/11/2019 14:16:47	<I>: 	ShowLoadingIndicatorUI

10/11/2019 14:16:47	<I>: 	Starting MAMP server processes.

10/11/2019 14:16:47	<I>: 	Init registry.

10/11/2019 14:16:47	<I>: 	Finished Init registry.

10/11/2019 14:16:47	<I>: 	Finished initilizing UI interface data.

10/11/2019 14:16:47	<I>: 	Enabled Preferences button.

10/11/2019 14:16:47	<I>: 	Trying to start logging events for Windows events generated by MAMP PRO servers.

10/11/2019 14:16:47	<I>: 	Started logging events form Windows Application events generated  by MAMP PRO servers.

10/11/2019 14:16:47	<I>: 	Starting checking VC rutime versions.

10/11/2019 14:16:47	<I>: 	Finished main app initialization.

10/11/2019 14:16:47	<I>: 	Downloading banner metadata from : http://apps.mamp.info/Win/MAMP/banner/4.1/banner.json

10/11/2019 14:16:47	<I>: 	WebServer or mysql are not active, checking ports.

10/11/2019 14:16:47	<I>: 	Ports ok.

10/11/2019 14:16:47	<I>: 	Starting all processes.

10/11/2019 14:16:47	<I>: 	Executed checking VC versions was success.

10/11/2019 14:16:47	<I>: 	VC2008 runtime:True

10/11/2019 14:16:47	<I>: 	VC2010 runtime:True

10/11/2019 14:16:47	<I>: 	VC2012 runtime:True

10/11/2019 14:16:47	<I>: 	VC2015 runtime:True

10/11/2019 14:16:47	<I>: 	VC runtimes tests were ok.

10/11/2019 14:16:48	<I>: 	Downloading image banner.

10/11/2019 14:16:48	<I>: 	Image banner url:https://apps.mamp.info/Win/MAMP/banner/4.0/bannerCurrent_en.png

10/11/2019 14:16:49	<I>: 	Decoding image from byte array.

10/11/2019 14:16:51	<I>: 	Finished starting all processes.

10/11/2019 14:16:53	<I>: 	Cheking version with: D:/User/Applications/MAMP/db/mysql/dbversion.txt

10/11/2019 14:16:53	<I>: 	Current MySQL version is: 5.7.24

10/11/2019 14:16:53	<I>: 	Cheking version with: D:/User/Applications/MAMP/db/mysql/dbversion.txt

10/11/2019 14:16:53	<I>: 	Current MySQL version is: 5.7.24

10/11/2019 14:16:53	<I>: 	Cheking version with: D:/User/Applications/MAMP/db/mysql/dbversion.txt

10/11/2019 14:16:53	<I>: 	Current MySQL version is: 5.7.24

10/11/2019 14:16:53	<I>: 	Cheking version with: D:/User/Applications/MAMP/db/mysql/dbversion.txt

10/11/2019 14:16:53	<I>: 	Current MySQL version is: 5.7.24

10/11/2019 14:16:53	<I>: 	Cheking version with: D:/User/Applications/MAMP/db/mysql/dbversion.txt

10/11/2019 14:16:53	<I>: 	Current MySQL version is: 5.7.24

10/11/2019 14:16:53	<I>: 	Cheking version with: D:/User/Applications/MAMP/db/mysql/dbversion.txt

10/11/2019 14:16:53	<I>: 	Current MySQL version is: 5.7.24

10/11/2019 14:16:53	<I>: 	Cheking version with: D:/User/Applications/MAMP/db/mysql/dbversion.txt

10/11/2019 14:16:53	<I>: 	Current MySQL version is: 5.7.24

10/11/2019 14:16:53	<I>: 	Cheking version with: D:/User/Applications/MAMP/db/mysql/dbversion.txt

10/11/2019 14:16:53	<I>: 	Current MySQL version is: 5.7.24

10/11/2019 14:16:53	<I>: 	Cheking version with: D:/User/Applications/MAMP/db/mysql/dbversion.txt

10/11/2019 14:16:53	<I>: 	Current MySQL version is: 5.7.24

10/11/2019 14:16:53	<I>: 	Cheking version with: D:/User/Applications/MAMP/db/mysql/dbversion.txt

10/11/2019 14:16:53	<I>: 	Current MySQL version is: 5.7.24

10/11/2019 14:16:53	<I>: 	Cheking version with: D:/User/Applications/MAMP/db/mysql/dbversion.txt

10/11/2019 14:16:53	<I>: 	Current MySQL version is: 5.7.24

10/11/2019 14:16:53	<I>: 	Cheking version with: D:/User/Applications/MAMP/db/mysql/dbversion.txt

10/11/2019 14:16:53	<I>: 	Current MySQL version is: 5.7.24

10/11/2019 14:16:53	<I>: 	First check when MySQL password is updated from empty to default was success.

10/11/2019 14:17:33	<I>: 	Saving basic settings without server restart.

10/11/2019 14:17:33	<I>: 	Saving changes for settings without restart of servers.

10/11/2019 14:17:35	<F>: 	Closing MAMP application.

10/11/2019 14:26:17	<I>: 	ProcessName: MAMP

10/11/2019 14:26:17	<I>: 	Only one instance of MAMP is running.

10/11/2019 14:26:17	<I>: 	Checking MAMP PRO.

10/11/2019 14:26:17	<I>: 	Done reading app setting.

10/11/2019 14:26:17	<I>: 	Opening MAMP control panel.

10/11/2019 14:26:18	<I>: 	Starting MAMP

10/11/2019 14:26:18	<I>: 	MAMP Build version: 4.1.1.18915

10/11/2019 14:26:18	<I>: 	MAMP x86 release binaries.

10/11/2019 14:26:18	<I>: 	

10/11/2019 14:26:18	<I>: 	Operation System:  Microsoft Windows NT 6.2.9200.0

10/11/2019 14:26:18	<I>: 	ProcessorCount:  8

10/11/2019 14:26:18	<I>: 	64Bit OS:  Yes

10/11/2019 14:26:18	<I>: 	Region:  United Kingdom

10/11/2019 14:26:18	<I>: 	Region DisplayName:  United Kingdom

10/11/2019 14:26:18	<I>: 	TwoLetterISORegionName:  GB

10/11/2019 14:26:18	<I>: 	ThreeLetterISORegionName:  GBR

10/11/2019 14:26:18	<I>: 	System Page Size:  4096

10/11/2019 14:26:18	<I>: 	SystemDirectory:  C:\WINDOWS\system32

10/11/2019 14:26:18	<I>: 	UserDomainName:  SHODAN

10/11/2019 14:26:18	<I>: 	UserName: Zeplin108

10/11/2019 14:26:18	<I>: 		 Drive: C:\

10/11/2019 14:26:18	<I>: 			 VolumeLabel: Windows

10/11/2019 14:26:18	<I>: 			 DriveType: Fixed

10/11/2019 14:26:18	<I>: 			 DriveFormat: NTFS

10/11/2019 14:26:18	<I>: 			 TotalSize: 126641762304

10/11/2019 14:26:18	<I>: 			 AvailableFreeSpace: 12565385216

10/11/2019 14:26:18	<I>: 		 Drive: D:\

10/11/2019 14:26:18	<I>: 			 VolumeLabel: Data

10/11/2019 14:26:18	<I>: 			 DriveType: Fixed

10/11/2019 14:26:18	<I>: 			 DriveFormat: NTFS

10/11/2019 14:26:18	<I>: 			 TotalSize: 981992468480

10/11/2019 14:26:18	<I>: 			 AvailableFreeSpace: 222764146688

10/11/2019 14:26:18	<I>: 	

10/11/2019 14:26:18	<I>: 	Checking configuration files variables.

10/11/2019 14:26:18	<I>: 	Base MAMP path is: D:\User\Applications\MAMP\

10/11/2019 14:26:18	<I>: 	Server root is: 'D:\User\Applications\MAMP\bin\apache'

10/11/2019 14:26:18	<I>: 	Checking if current php version is valid.

10/11/2019 14:26:18	<I>: 	Now checking if current PHP Version is max or min php version:php7.3.7

10/11/2019 14:26:18	<I>: 	PHP Min Version is:php7.2.14

10/11/2019 14:26:18	<I>: 	PHP Max Version is:php7.3.7

10/11/2019 14:26:18	<I>: 	Initilizing UI Settings from conf files.

10/11/2019 14:26:18	<I>: 	Apache port for MAMP:80

10/11/2019 14:26:18	<I>: 	MySQL port for MAMP:3306

10/11/2019 14:26:18	<I>: 	Nginx port for MAMP from configuration file:80

10/11/2019 14:26:18	<I>: 	Initialize cloud option active.

10/11/2019 14:26:18	<I>: 	Initialize cloud database.

10/11/2019 14:26:18	<I>: 	Initialize cloud IsCloudEncrypted.

10/11/2019 14:26:18	<I>: 	Initialize cloud enc key.

10/11/2019 14:26:18	<I>: 	Initialize cloud IsCloudKeyOnDesktop.

10/11/2019 14:26:18	<I>: 	Initialize MyWebLink.

10/11/2019 14:26:18	<I>: 	Initialize CloudFileRev.

10/11/2019 14:26:18	<I>: 	webServer port is: 80

10/11/2019 14:26:18	<I>: 	Doc root:D:\User\Applications\MAMP\htdocs

10/11/2019 14:26:18	<I>: 	Apache port:80

10/11/2019 14:26:18	<I>: 	Mysql port is:3306

10/11/2019 14:26:18	<I>: 	Finished Initilizing UI Settings.

10/11/2019 14:26:18	<I>: 	MySQL bin version: 5.7.24.0

10/11/2019 14:26:18	<I>: 	Checking file access rights:SHODAN\Zeplin108

10/11/2019 14:26:18	<I>: 	MAMP detected that it needs to set file access rights for at least one file.

10/11/2019 14:26:18	<I>: 	Setting access rights:D:\User\Applications\MAMP\logs

10/11/2019 14:26:18	<E>: 	Could not set access rights on folder: D:\User\Applications\MAMP\logs

10/11/2019 14:26:18	<I>: 	Checking ports.

10/11/2019 14:26:18	<I>: 	Start when MAMP start check.

10/11/2019 14:26:18	<I>: 	Set data to data context.

10/11/2019 14:26:18	<I>: 	ShowLoadingIndicatorUI

10/11/2019 14:26:18	<I>: 	Starting MAMP server processes.

10/11/2019 14:26:18	<I>: 	Init registry.

10/11/2019 14:26:18	<I>: 	Finished Init registry.

10/11/2019 14:26:18	<I>: 	Finished initilizing UI interface data.

10/11/2019 14:26:18	<I>: 	Enabled Preferences button.

10/11/2019 14:26:18	<I>: 	Trying to start logging events for Windows events generated by MAMP PRO servers.

10/11/2019 14:26:18	<I>: 	Started logging events form Windows Application events generated  by MAMP PRO servers.

10/11/2019 14:26:18	<I>: 	Starting checking VC rutime versions.

10/11/2019 14:26:18	<I>: 	Finished main app initialization.

10/11/2019 14:26:18	<I>: 	Downloading banner metadata from : http://apps.mamp.info/Win/MAMP/banner/4.1/banner.json

10/11/2019 14:26:18	<I>: 	WebServer or mysql are not active, checking ports.

10/11/2019 14:26:18	<I>: 	Ports ok.

10/11/2019 14:26:18	<I>: 	Starting all processes.

10/11/2019 14:26:18	<I>: 	Executed checking VC versions was success.

10/11/2019 14:26:18	<I>: 	VC2008 runtime:True

10/11/2019 14:26:18	<I>: 	VC2010 runtime:True

10/11/2019 14:26:18	<I>: 	VC2012 runtime:True

10/11/2019 14:26:18	<I>: 	VC2015 runtime:True

10/11/2019 14:26:18	<I>: 	VC runtimes tests were ok.

10/11/2019 14:26:19	<I>: 	Downloading image banner.

10/11/2019 14:26:19	<I>: 	Image banner url:https://apps.mamp.info/Win/MAMP/banner/4.0/bannerCurrent_en.png

10/11/2019 14:26:19	<I>: 	Decoding image from byte array.

10/11/2019 14:26:21	<I>: 	Finished starting all processes.

10/11/2019 14:26:23	<I>: 	Cheking version with: D:/User/Applications/MAMP/db/mysql/dbversion.txt

10/11/2019 14:26:23	<I>: 	Current MySQL version is: 5.7.24

10/11/2019 14:26:23	<I>: 	Cheking version with: D:/User/Applications/MAMP/db/mysql/dbversion.txt

10/11/2019 14:26:23	<I>: 	Current MySQL version is: 5.7.24

10/11/2019 14:26:23	<I>: 	Cheking version with: D:/User/Applications/MAMP/db/mysql/dbversion.txt

10/11/2019 14:26:23	<I>: 	Current MySQL version is: 5.7.24

10/11/2019 14:26:23	<I>: 	Cheking version with: D:/User/Applications/MAMP/db/mysql/dbversion.txt

10/11/2019 14:26:23	<I>: 	Current MySQL version is: 5.7.24

10/11/2019 14:26:23	<I>: 	Cheking version with: D:/User/Applications/MAMP/db/mysql/dbversion.txt

10/11/2019 14:26:23	<I>: 	Current MySQL version is: 5.7.24

10/11/2019 14:26:23	<I>: 	Cheking version with: D:/User/Applications/MAMP/db/mysql/dbversion.txt

10/11/2019 14:26:23	<I>: 	Current MySQL version is: 5.7.24

10/11/2019 14:26:23	<I>: 	Cheking version with: D:/User/Applications/MAMP/db/mysql/dbversion.txt

10/11/2019 14:26:23	<I>: 	Current MySQL version is: 5.7.24

10/11/2019 14:26:23	<I>: 	Cheking version with: D:/User/Applications/MAMP/db/mysql/dbversion.txt

10/11/2019 14:26:23	<I>: 	Current MySQL version is: 5.7.24

10/11/2019 14:26:23	<I>: 	Cheking version with: D:/User/Applications/MAMP/db/mysql/dbversion.txt

10/11/2019 14:26:23	<I>: 	Current MySQL version is: 5.7.24

10/11/2019 14:26:23	<I>: 	Cheking version with: D:/User/Applications/MAMP/db/mysql/dbversion.txt

10/11/2019 14:26:23	<I>: 	Current MySQL version is: 5.7.24

10/11/2019 14:26:23	<I>: 	Cheking version with: D:/User/Applications/MAMP/db/mysql/dbversion.txt

10/11/2019 14:26:23	<I>: 	Current MySQL version is: 5.7.24

10/11/2019 14:26:23	<I>: 	Cheking version with: D:/User/Applications/MAMP/db/mysql/dbversion.txt

10/11/2019 14:26:23	<I>: 	Current MySQL version is: 5.7.24

10/11/2019 14:26:23	<I>: 	First check when MySQL password is updated from empty to default was success.

10/11/2019 15:01:33	<F>: 	Closing MAMP application.

10/11/2019 15:01:39	<F>: 	Closing MAMP application.

10/19/2019 12:33:08	<I>: 	ProcessName: MAMP

10/19/2019 12:33:08	<I>: 	Only one instance of MAMP is running.

10/19/2019 12:33:08	<I>: 	Checking MAMP PRO.

10/19/2019 12:33:08	<I>: 	Done reading app setting.

10/19/2019 12:33:08	<I>: 	Opening MAMP control panel.

10/19/2019 12:33:09	<I>: 	Starting MAMP

10/19/2019 12:33:09	<I>: 	MAMP Build version: 4.1.1.18915

10/19/2019 12:33:09	<I>: 	MAMP x86 release binaries.

10/19/2019 12:33:09	<I>: 	

10/19/2019 12:33:09	<I>: 	Operation System:  Microsoft Windows NT 6.2.9200.0

10/19/2019 12:33:09	<I>: 	ProcessorCount:  8

10/19/2019 12:33:09	<I>: 	64Bit OS:  Yes

10/19/2019 12:33:09	<I>: 	Region:  United Kingdom

10/19/2019 12:33:09	<I>: 	Region DisplayName:  United Kingdom

10/19/2019 12:33:09	<I>: 	TwoLetterISORegionName:  GB

10/19/2019 12:33:09	<I>: 	ThreeLetterISORegionName:  GBR

10/19/2019 12:33:09	<I>: 	System Page Size:  4096

10/19/2019 12:33:09	<I>: 	SystemDirectory:  C:\WINDOWS\system32

10/19/2019 12:33:09	<I>: 	UserDomainName:  SHODAN

10/19/2019 12:33:09	<I>: 	UserName: Zeplin108

10/19/2019 12:33:09	<I>: 		 Drive: C:\

10/19/2019 12:33:09	<I>: 			 VolumeLabel: Windows

10/19/2019 12:33:09	<I>: 			 DriveType: Fixed

10/19/2019 12:33:09	<I>: 			 DriveFormat: NTFS

10/19/2019 12:33:09	<I>: 			 TotalSize: 126641762304

10/19/2019 12:33:09	<I>: 			 AvailableFreeSpace: 9325056000

10/19/2019 12:33:09	<I>: 		 Drive: D:\

10/19/2019 12:33:09	<I>: 			 VolumeLabel: Data

10/19/2019 12:33:09	<I>: 			 DriveType: Fixed

10/19/2019 12:33:09	<I>: 			 DriveFormat: NTFS

10/19/2019 12:33:09	<I>: 			 TotalSize: 981992468480

10/19/2019 12:33:09	<I>: 			 AvailableFreeSpace: 206058364928

10/19/2019 12:33:09	<I>: 	

10/19/2019 12:33:09	<I>: 	Checking configuration files variables.

10/19/2019 12:33:09	<I>: 	Base MAMP path is: D:\User\Applications\MAMP\

10/19/2019 12:33:09	<I>: 	Server root is: 'D:\User\Applications\MAMP\bin\apache'

10/19/2019 12:33:09	<I>: 	Checking if current php version is valid.

10/19/2019 12:33:09	<I>: 	Now checking if current PHP Version is max or min php version:php7.3.7

10/19/2019 12:33:09	<I>: 	PHP Min Version is:php7.2.14

10/19/2019 12:33:09	<I>: 	PHP Max Version is:php7.3.7

10/19/2019 12:33:09	<I>: 	Initilizing UI Settings from conf files.

10/19/2019 12:33:09	<I>: 	Apache port for MAMP:80

10/19/2019 12:33:09	<I>: 	MySQL port for MAMP:3306

10/19/2019 12:33:09	<I>: 	Nginx port for MAMP from configuration file:80

10/19/2019 12:33:09	<I>: 	Initialize cloud option active.

10/19/2019 12:33:09	<I>: 	Initialize cloud database.

10/19/2019 12:33:09	<I>: 	Initialize cloud IsCloudEncrypted.

10/19/2019 12:33:09	<I>: 	Initialize cloud enc key.

10/19/2019 12:33:09	<I>: 	Initialize cloud IsCloudKeyOnDesktop.

10/19/2019 12:33:09	<I>: 	Initialize MyWebLink.

10/19/2019 12:33:09	<I>: 	Initialize CloudFileRev.

10/19/2019 12:33:09	<I>: 	webServer port is: 80

10/19/2019 12:33:09	<I>: 	Doc root:D:\User\Applications\MAMP\htdocs

10/19/2019 12:33:09	<I>: 	Apache port:80

10/19/2019 12:33:09	<I>: 	Mysql port is:3306

10/19/2019 12:33:09	<I>: 	Finished Initilizing UI Settings.

10/19/2019 12:33:09	<I>: 	MySQL bin version: 5.7.24.0

10/19/2019 12:33:09	<I>: 	Checking file access rights:SHODAN\Zeplin108

10/19/2019 12:33:09	<I>: 	MAMP detected that it needs to set file access rights for at least one file.

10/19/2019 12:33:09	<I>: 	Setting access rights:D:\User\Applications\MAMP\logs

10/19/2019 12:33:09	<E>: 	Could not set access rights on folder: D:\User\Applications\MAMP\logs

10/19/2019 12:33:09	<I>: 	Checking ports.

10/19/2019 12:33:09	<I>: 	Start when MAMP start check.

10/19/2019 12:33:09	<I>: 	Set data to data context.

10/19/2019 12:33:09	<I>: 	ShowLoadingIndicatorUI

10/19/2019 12:33:09	<I>: 	Starting MAMP server processes.

10/19/2019 12:33:09	<I>: 	Init registry.

10/19/2019 12:33:09	<I>: 	Finished Init registry.

10/19/2019 12:33:09	<I>: 	Finished initilizing UI interface data.

10/19/2019 12:33:09	<I>: 	Enabled Preferences button.

10/19/2019 12:33:09	<I>: 	Trying to start logging events for Windows events generated by MAMP PRO servers.

10/19/2019 12:33:09	<I>: 	Started logging events form Windows Application events generated  by MAMP PRO servers.

10/19/2019 12:33:09	<I>: 	Starting checking VC rutime versions.

10/19/2019 12:33:09	<I>: 	Finished main app initialization.

10/19/2019 12:33:09	<I>: 	Downloading banner metadata from : http://apps.mamp.info/Win/MAMP/banner/4.1/banner.json

10/19/2019 12:33:09	<I>: 	WebServer or mysql are not active, checking ports.

10/19/2019 12:33:09	<I>: 	Ports ok.

10/19/2019 12:33:09	<I>: 	Starting all processes.

10/19/2019 12:33:10	<I>: 	Executed checking VC versions was success.

10/19/2019 12:33:10	<I>: 	VC2008 runtime:True

10/19/2019 12:33:10	<I>: 	VC2010 runtime:True

10/19/2019 12:33:10	<I>: 	VC2012 runtime:True

10/19/2019 12:33:10	<I>: 	VC2015 runtime:True

10/19/2019 12:33:10	<I>: 	VC runtimes tests were ok.

10/19/2019 12:33:10	<I>: 	Downloading image banner.

10/19/2019 12:33:10	<I>: 	Image banner url:https://apps.mamp.info/Win/MAMP/banner/4.0/bannerCurrent_en.png

10/19/2019 12:33:11	<I>: 	Decoding image from byte array.

10/19/2019 12:33:12	<F>: 	Closing MAMP application.

